{"/Users/darioknezovic/js-data-structures/queue.js": {"path":"/Users/darioknezovic/js-data-structures/queue.js","statementMap":{"0":{"start":{"line":3,"column":8},"end":{"line":3,"column":27}},"1":{"start":{"line":4,"column":8},"end":{"line":4,"column":25}},"2":{"start":{"line":10,"column":8},"end":{"line":10,"column":26}},"3":{"start":{"line":11,"column":8},"end":{"line":11,"column":25}},"4":{"start":{"line":12,"column":8},"end":{"line":12,"column":24}},"5":{"start":{"line":15,"column":22},"end":{"line":15,"column":32}},"6":{"start":{"line":17,"column":8},"end":{"line":20,"column":9}},"7":{"start":{"line":18,"column":12},"end":{"line":18,"column":39}},"8":{"start":{"line":19,"column":12},"end":{"line":19,"column":35}},"9":{"start":{"line":23,"column":8},"end":{"line":23,"column":26}},"10":{"start":{"line":26,"column":8},"end":{"line":34,"column":9}},"11":{"start":{"line":27,"column":28},"end":{"line":27,"column":43}},"12":{"start":{"line":28,"column":12},"end":{"line":28,"column":37}},"13":{"start":{"line":29,"column":12},"end":{"line":29,"column":32}},"14":{"start":{"line":31,"column":28},"end":{"line":31,"column":43}},"15":{"start":{"line":32,"column":12},"end":{"line":32,"column":33}},"16":{"start":{"line":33,"column":12},"end":{"line":33,"column":32}},"17":{"start":{"line":35,"column":8},"end":{"line":35,"column":22}},"18":{"start":{"line":38,"column":8},"end":{"line":40,"column":9}},"19":{"start":{"line":39,"column":12},"end":{"line":39,"column":19}},"20":{"start":{"line":42,"column":8},"end":{"line":44,"column":9}},"21":{"start":{"line":43,"column":12},"end":{"line":43,"column":29}},"22":{"start":{"line":46,"column":29},"end":{"line":46,"column":39}},"23":{"start":{"line":47,"column":8},"end":{"line":47,"column":41}},"24":{"start":{"line":48,"column":8},"end":{"line":48,"column":22}},"25":{"start":{"line":53,"column":16},"end":{"line":53,"column":27}},"26":{"start":{"line":54,"column":0},"end":{"line":54,"column":23}},"27":{"start":{"line":55,"column":0},"end":{"line":55,"column":24}},"28":{"start":{"line":56,"column":0},"end":{"line":56,"column":25}},"29":{"start":{"line":57,"column":0},"end":{"line":57,"column":25}},"30":{"start":{"line":58,"column":0},"end":{"line":58,"column":15}},"31":{"start":{"line":59,"column":0},"end":{"line":59,"column":27}},"32":{"start":{"line":60,"column":0},"end":{"line":60,"column":18}},"33":{"start":{"line":61,"column":0},"end":{"line":61,"column":15}},"34":{"start":{"line":62,"column":0},"end":{"line":62,"column":26}},"35":{"start":{"line":63,"column":0},"end":{"line":63,"column":27}},"36":{"start":{"line":64,"column":0},"end":{"line":64,"column":15}},"37":{"start":{"line":71,"column":0},"end":{"line":71,"column":23}}},"fnMap":{"0":{"name":"(anonymous_0)","decl":{"start":{"line":2,"column":4},"end":{"line":2,"column":5}},"loc":{"start":{"line":2,"column":23},"end":{"line":5,"column":5}},"line":2},"1":{"name":"(anonymous_1)","decl":{"start":{"line":9,"column":4},"end":{"line":9,"column":5}},"loc":{"start":{"line":9,"column":17},"end":{"line":13,"column":5}},"line":9},"2":{"name":"(anonymous_2)","decl":{"start":{"line":14,"column":4},"end":{"line":14,"column":5}},"loc":{"start":{"line":14,"column":11},"end":{"line":21,"column":5}},"line":14},"3":{"name":"(anonymous_3)","decl":{"start":{"line":22,"column":4},"end":{"line":22,"column":5}},"loc":{"start":{"line":22,"column":11},"end":{"line":24,"column":5}},"line":22},"4":{"name":"(anonymous_4)","decl":{"start":{"line":25,"column":4},"end":{"line":25,"column":5}},"loc":{"start":{"line":25,"column":18},"end":{"line":36,"column":5}},"line":25},"5":{"name":"(anonymous_5)","decl":{"start":{"line":37,"column":4},"end":{"line":37,"column":5}},"loc":{"start":{"line":37,"column":13},"end":{"line":49,"column":5}},"line":37}},"branchMap":{"0":{"loc":{"start":{"line":26,"column":8},"end":{"line":34,"column":9}},"type":"if","locations":[{"start":{"line":26,"column":8},"end":{"line":34,"column":9}},{"start":{"line":30,"column":14},"end":{"line":34,"column":9}}],"line":26},"1":{"loc":{"start":{"line":26,"column":12},"end":{"line":26,"column":35}},"type":"binary-expr","locations":[{"start":{"line":26,"column":12},"end":{"line":26,"column":22}},{"start":{"line":26,"column":26},"end":{"line":26,"column":35}}],"line":26},"2":{"loc":{"start":{"line":38,"column":8},"end":{"line":40,"column":9}},"type":"if","locations":[{"start":{"line":38,"column":8},"end":{"line":40,"column":9}},{"start":{},"end":{}}],"line":38},"3":{"loc":{"start":{"line":42,"column":8},"end":{"line":44,"column":9}},"type":"if","locations":[{"start":{"line":42,"column":8},"end":{"line":44,"column":9}},{"start":{},"end":{}}],"line":42}},"s":{"0":7,"1":7,"2":2,"3":2,"4":2,"5":3,"6":3,"7":11,"8":11,"9":4,"10":7,"11":5,"12":5,"13":5,"14":2,"15":2,"16":2,"17":7,"18":3,"19":0,"20":3,"21":1,"22":3,"23":3,"24":3,"25":1,"26":1,"27":1,"28":1,"29":1,"30":1,"31":1,"32":1,"33":1,"34":1,"35":1,"36":1,"37":1},"f":{"0":7,"1":2,"2":3,"3":4,"4":7,"5":3},"b":{"0":[5,2],"1":[7,5],"2":[0,3],"3":[1,2]},"_coverageSchema":"1a1c01bbd47fc00a2c39e90264f33305004495a9","hash":"c50c6a47f1c65e2f35249fd14024f1033b707453"}
,"/Users/darioknezovic/js-data-structures/stacks.js": {"path":"/Users/darioknezovic/js-data-structures/stacks.js","statementMap":{"0":{"start":{"line":3,"column":8},"end":{"line":3,"column":27}},"1":{"start":{"line":4,"column":8},"end":{"line":4,"column":25}},"2":{"start":{"line":10,"column":8},"end":{"line":10,"column":24}},"3":{"start":{"line":11,"column":8},"end":{"line":11,"column":27}},"4":{"start":{"line":12,"column":8},"end":{"line":12,"column":24}},"5":{"start":{"line":15,"column":22},"end":{"line":15,"column":30}},"6":{"start":{"line":17,"column":8},"end":{"line":20,"column":9}},"7":{"start":{"line":18,"column":12},"end":{"line":18,"column":39}},"8":{"start":{"line":19,"column":12},"end":{"line":19,"column":35}},"9":{"start":{"line":23,"column":8},"end":{"line":23,"column":24}},"10":{"start":{"line":26,"column":24},"end":{"line":26,"column":39}},"11":{"start":{"line":28,"column":8},"end":{"line":34,"column":9}},"12":{"start":{"line":29,"column":12},"end":{"line":29,"column":36}},"13":{"start":{"line":30,"column":12},"end":{"line":30,"column":31}},"14":{"start":{"line":32,"column":12},"end":{"line":32,"column":31}},"15":{"start":{"line":33,"column":12},"end":{"line":33,"column":34}},"16":{"start":{"line":36,"column":8},"end":{"line":36,"column":22}},"17":{"start":{"line":39,"column":8},"end":{"line":41,"column":9}},"18":{"start":{"line":40,"column":12},"end":{"line":40,"column":19}},"19":{"start":{"line":43,"column":8},"end":{"line":45,"column":9}},"20":{"start":{"line":44,"column":12},"end":{"line":44,"column":31}},"21":{"start":{"line":47,"column":8},"end":{"line":47,"column":33}},"22":{"start":{"line":48,"column":8},"end":{"line":48,"column":22}},"23":{"start":{"line":52,"column":16},"end":{"line":52,"column":27}},"24":{"start":{"line":53,"column":0},"end":{"line":53,"column":23}},"25":{"start":{"line":54,"column":0},"end":{"line":54,"column":22}},"26":{"start":{"line":55,"column":0},"end":{"line":55,"column":24}},"27":{"start":{"line":56,"column":0},"end":{"line":56,"column":15}},"28":{"start":{"line":57,"column":0},"end":{"line":57,"column":23}},"29":{"start":{"line":58,"column":0},"end":{"line":58,"column":14}},"30":{"start":{"line":59,"column":0},"end":{"line":59,"column":15}},"31":{"start":{"line":65,"column":0},"end":{"line":65,"column":23}}},"fnMap":{"0":{"name":"(anonymous_0)","decl":{"start":{"line":2,"column":4},"end":{"line":2,"column":5}},"loc":{"start":{"line":2,"column":22},"end":{"line":5,"column":5}},"line":2},"1":{"name":"(anonymous_1)","decl":{"start":{"line":9,"column":4},"end":{"line":9,"column":5}},"loc":{"start":{"line":9,"column":17},"end":{"line":13,"column":5}},"line":9},"2":{"name":"(anonymous_2)","decl":{"start":{"line":14,"column":4},"end":{"line":14,"column":5}},"loc":{"start":{"line":14,"column":11},"end":{"line":21,"column":5}},"line":14},"3":{"name":"(anonymous_3)","decl":{"start":{"line":22,"column":4},"end":{"line":22,"column":5}},"loc":{"start":{"line":22,"column":11},"end":{"line":24,"column":5}},"line":22},"4":{"name":"(anonymous_4)","decl":{"start":{"line":25,"column":4},"end":{"line":25,"column":5}},"loc":{"start":{"line":25,"column":15},"end":{"line":37,"column":5}},"line":25},"5":{"name":"(anonymous_5)","decl":{"start":{"line":38,"column":4},"end":{"line":38,"column":5}},"loc":{"start":{"line":38,"column":9},"end":{"line":49,"column":5}},"line":38}},"branchMap":{"0":{"loc":{"start":{"line":28,"column":8},"end":{"line":34,"column":9}},"type":"if","locations":[{"start":{"line":28,"column":8},"end":{"line":34,"column":9}},{"start":{"line":31,"column":14},"end":{"line":34,"column":9}}],"line":28},"1":{"loc":{"start":{"line":28,"column":12},"end":{"line":28,"column":35}},"type":"binary-expr","locations":[{"start":{"line":28,"column":12},"end":{"line":28,"column":20}},{"start":{"line":28,"column":24},"end":{"line":28,"column":35}}],"line":28},"2":{"loc":{"start":{"line":39,"column":8},"end":{"line":41,"column":9}},"type":"if","locations":[{"start":{"line":39,"column":8},"end":{"line":41,"column":9}},{"start":{},"end":{}}],"line":39},"3":{"loc":{"start":{"line":43,"column":8},"end":{"line":45,"column":9}},"type":"if","locations":[{"start":{"line":43,"column":8},"end":{"line":45,"column":9}},{"start":{},"end":{}}],"line":43}},"s":{"0":5,"1":5,"2":2,"3":2,"4":2,"5":2,"6":2,"7":5,"8":5,"9":4,"10":5,"11":5,"12":3,"13":3,"14":2,"15":2,"16":5,"17":3,"18":0,"19":3,"20":1,"21":3,"22":3,"23":1,"24":1,"25":1,"26":1,"27":1,"28":1,"29":1,"30":1,"31":1},"f":{"0":5,"1":2,"2":2,"3":4,"4":5,"5":3},"b":{"0":[3,2],"1":[5,3],"2":[0,3],"3":[1,2]},"_coverageSchema":"1a1c01bbd47fc00a2c39e90264f33305004495a9","hash":"2592d004c9171c1d67b11ef25423bade858531a7"}
}
