TN:
SF:queue.js
FN:2,(anonymous_0)
FN:9,(anonymous_1)
FN:14,(anonymous_2)
FN:22,(anonymous_3)
FN:25,(anonymous_4)
FN:37,(anonymous_5)
FNF:6
FNH:6
FNDA:7,(anonymous_0)
FNDA:2,(anonymous_1)
FNDA:3,(anonymous_2)
FNDA:4,(anonymous_3)
FNDA:7,(anonymous_4)
FNDA:3,(anonymous_5)
DA:3,7
DA:4,7
DA:10,2
DA:11,2
DA:12,2
DA:15,3
DA:17,3
DA:18,11
DA:19,11
DA:23,4
DA:26,7
DA:27,5
DA:28,5
DA:29,5
DA:31,2
DA:32,2
DA:33,2
DA:35,7
DA:38,3
DA:39,0
DA:42,3
DA:43,1
DA:46,3
DA:47,3
DA:48,3
DA:53,1
DA:54,1
DA:55,1
DA:56,1
DA:57,1
DA:58,1
DA:59,1
DA:60,1
DA:61,1
DA:62,1
DA:63,1
DA:64,1
DA:71,1
LF:38
LH:37
BRDA:26,0,0,5
BRDA:26,0,1,2
BRDA:26,1,0,7
BRDA:26,1,1,5
BRDA:38,2,0,0
BRDA:38,2,1,3
BRDA:42,3,0,1
BRDA:42,3,1,2
BRF:8
BRH:7
end_of_record
TN:
SF:stacks.js
FN:2,(anonymous_0)
FN:9,(anonymous_1)
FN:14,(anonymous_2)
FN:22,(anonymous_3)
FN:25,(anonymous_4)
FN:38,(anonymous_5)
FNF:6
FNH:6
FNDA:5,(anonymous_0)
FNDA:2,(anonymous_1)
FNDA:2,(anonymous_2)
FNDA:4,(anonymous_3)
FNDA:5,(anonymous_4)
FNDA:3,(anonymous_5)
DA:3,5
DA:4,5
DA:10,2
DA:11,2
DA:12,2
DA:15,2
DA:17,2
DA:18,5
DA:19,5
DA:23,4
DA:26,5
DA:28,5
DA:29,3
DA:30,3
DA:32,2
DA:33,2
DA:36,5
DA:39,3
DA:40,0
DA:43,3
DA:44,1
DA:47,3
DA:48,3
DA:52,1
DA:53,1
DA:54,1
DA:55,1
DA:56,1
DA:57,1
DA:58,1
DA:59,1
DA:65,1
LF:32
LH:31
BRDA:28,0,0,3
BRDA:28,0,1,2
BRDA:28,1,0,5
BRDA:28,1,1,3
BRDA:39,2,0,0
BRDA:39,2,1,3
BRDA:43,3,0,1
BRDA:43,3,1,2
BRF:8
BRH:7
end_of_record
